1  steps= 0
2  steps= 1
3  steps= 7
4  steps= 2
5  steps= 5
6  steps= 8
7  steps= 16
8  steps= 3
9  steps= 19
10  steps= 6
11  steps= 14
12  steps= 9
13  steps= 9
14  steps= 17
15  steps= 17
16  steps= 4
17  steps= 12
18  steps= 20
19  steps= 20
20  steps= 7
21  steps= 7
22  steps= 15
23  steps= 15
24  steps= 10
25  steps= 23
26  steps= 10
27  steps= 111
28  steps= 18
29  steps= 18
30  steps= 18
31  steps= 106
32  steps= 5
33  steps= 26
34  steps= 13
35  steps= 13
36  steps= 21
37  steps= 21
38  steps= 21
39  steps= 34
40  steps= 8
41  steps= 109
42  steps= 8
43  steps= 29
44  steps= 16
45  steps= 16
46  steps= 16
47  steps= 104
48  steps= 11
49  steps= 24
50  steps= 24
51  steps= 24
52  steps= 11
53  steps= 11
54  steps= 112
55  steps= 112
56  steps= 19
57  steps= 32
58  steps= 19
59  steps= 32
60  steps= 19
61  steps= 19
62  steps= 107
63  steps= 107
64  steps= 6
65  steps= 27
66  steps= 27
67  steps= 27
68  steps= 14
69  steps= 14
70  steps= 14
71  steps= 102
72  steps= 22
73  steps= 115
74  steps= 22
75  steps= 14
76  steps= 22
77  steps= 22
78  steps= 35
79  steps= 35
80  steps= 9
81  steps= 22
82  steps= 110
83  steps= 110
84  steps= 9
85  steps= 9
86  steps= 30
87  steps= 30
88  steps= 17
89  steps= 30
90  steps= 17
91  steps= 92
92  steps= 17
93  steps= 17
94  steps= 105
95  steps= 105
96  steps= 12
97  steps= 118
98  steps= 25
99  steps= 25
100  steps= 25
101  steps= 25
102  steps= 25
103  steps= 87
104  steps= 12
105  steps= 38
106  steps= 12
107  steps= 100
108  steps= 113
109  steps= 113
110  steps= 113
111  steps= 69
112  steps= 20
113  steps= 12
114  steps= 33
115  steps= 33
116  steps= 20
117  steps= 20
118  steps= 33
119  steps= 33
120  steps= 20
121  steps= 95
122  steps= 20
123  steps= 46
124  steps= 108
125  steps= 108
126  steps= 108
127  steps= 46
128  steps= 7
129  steps= 121
130  steps= 28
131  steps= 28
132  steps= 28
133  steps= 28
134  steps= 28
135  steps= 41
136  steps= 15
137  steps= 90
138  steps= 15
139  steps= 41
140  steps= 15
141  steps= 15
142  steps= 103
143  steps= 103
144  steps= 23
145  steps= 116
146  steps= 116
147  steps= 116
148  steps= 23
149  steps= 23
150  steps= 15
151  steps= 15
152  steps= 23
153  steps= 36
154  steps= 23
155  steps= 85
156  steps= 36
157  steps= 36
158  steps= 36
159  steps= 54
160  steps= 10
161  steps= 98
162  steps= 23
163  steps= 23
164  steps= 111
165  steps= 111
166  steps= 111
167  steps= 67
168  steps= 10
169  steps= 49
170  steps= 10
171  steps= 124
172  steps= 31
173  steps= 31
174  steps= 31
175  steps= 80
176  steps= 18
177  steps= 31
178  steps= 31
179  steps= 31
180  steps= 18
181  steps= 18
182  steps= 93
183  steps= 93
184  steps= 18
185  steps= 44
186  steps= 18
187  steps= 44
188  steps= 106
189  steps= 106
190  steps= 106
191  steps= 44
192  steps= 13
193  steps= 119
194  steps= 119
195  steps= 119
196  steps= 26
197  steps= 26
198  steps= 26
199  steps= 119
200  steps= 26
201  steps= 18
202  steps= 26
203  steps= 39
204  steps= 26
205  steps= 26
206  steps= 88
207  steps= 88
208  steps= 13
209  steps= 39
210  steps= 39
211  steps= 39
212  steps= 13
213  steps= 13
214  steps= 101
215  